<?xml version="1.0" encoding="UTF-8"?>
<testng-results ignored="0" total="1" passed="1" failed="0" skipped="0">
  <reporter-output>
  </reporter-output>
  <suite started-at="2024-05-04T17:19:58 WIB" name="Default suite" finished-at="2024-05-04T17:20:11 WIB" duration-ms="12673">
    <groups>
      <group name="cucumber">
        <method signature="AbstractTestNGCucumberTests.runScenario(io.cucumber.testng.PickleWrapper,io.cucumber.testng.FeatureWrapper)[pri:0, instance:cucumberRunnerOptions.TestNGRunner@33065d67]" name="runScenario" class="io.cucumber.testng.AbstractTestNGCucumberTests"/>
      </group> <!-- cucumber -->
    </groups>
    <test started-at="2024-05-04T17:19:58 WIB" name="Default test" finished-at="2024-05-04T17:20:11 WIB" duration-ms="12673">
      <class name="cucumberRunnerOptions.TestNGRunner">
        <test-method is-config="true" signature="setUpClass(org.testng.ITestContext)[pri:0, instance:cucumberRunnerOptions.TestNGRunner@33065d67]" started-at="2024-05-04T17:19:58 WIB" name="setUpClass" finished-at="2024-05-04T17:19:58 WIB" duration-ms="305" status="PASS">
          <params>
            <param index="0">
              <value>
                <![CDATA[org.testng.TestRunner@64bfd6fd]]>
              </value>
            </param>
          </params>
          <reporter-output>
          </reporter-output>
        </test-method> <!-- setUpClass -->
        <test-method signature="runScenario(io.cucumber.testng.PickleWrapper,io.cucumber.testng.FeatureWrapper)[pri:0, instance:cucumberRunnerOptions.TestNGRunner@33065d67]" started-at="2024-05-04T17:19:58 WIB" name="runScenario" description="Runs Cucumber Scenarios" data-provider="scenarios" finished-at="2024-05-04T17:20:11 WIB" duration-ms="12276" status="PASS">
          <params>
            <param index="0">
              <value>
                <![CDATA["Search Experience for in Home and Offers page"]]>
              </value>
            </param>
            <param index="1">
              <value>
                <![CDATA["Search and Place the order for Products"]]>
              </value>
            </param>
          </params>
          <reporter-output>
          </reporter-output>
        </test-method> <!-- runScenario -->
        <test-method is-config="true" signature="tearDownClass()[pri:0, instance:cucumberRunnerOptions.TestNGRunner@33065d67]" started-at="2024-05-04T17:20:11 WIB" name="tearDownClass" finished-at="2024-05-04T17:20:11 WIB" duration-ms="12" status="PASS">
          <reporter-output>
          </reporter-output>
        </test-method> <!-- tearDownClass -->
      </class> <!-- cucumberRunnerOptions.TestNGRunner -->
    </test> <!-- Default test -->
  </suite> <!-- Default suite -->
</testng-results>
